[debug] [2020-12-12T05:36:21.437Z] ----------------------------------------------------------------------
[debug] [2020-12-12T05:36:21.449Z] Command:       /Users/jasonkang/.nvm/versions/node/v12.16.1/bin/node /Users/jasonkang/.nvm/versions/node/v12.16.1/bin/firebase emulators:start
[debug] [2020-12-12T05:36:21.450Z] CLI Version:   8.18.0
[debug] [2020-12-12T05:36:21.453Z] Platform:      darwin
[debug] [2020-12-12T05:36:21.453Z] Node Version:  v12.16.1
[debug] [2020-12-12T05:36:21.470Z] Time:          Sat Dec 12 2020 00:36:21 GMT-0500 (Eastern Standard Time)
[debug] [2020-12-12T05:36:21.470Z] ----------------------------------------------------------------------
[debug] [2020-12-12T05:36:21.471Z] 
[debug] [2020-12-12T05:36:21.486Z] >>> [apiv2][query] GET https://firebase-public.firebaseio.com/cli.json [none]
[debug] [2020-12-12T05:36:21.653Z] > command requires scopes: ["email","openid","https://www.googleapis.com/auth/cloudplatformprojects.readonly","https://www.googleapis.com/auth/firebase","https://www.googleapis.com/auth/cloud-platform"]
[debug] [2020-12-12T05:36:21.654Z] > authorizing via signed-in user
[info] i  emulators: Starting emulators: functions, hosting {"metadata":{"emulator":{"name":"hub"},"message":"Starting emulators: functions, hosting"}}
[debug] [2020-12-12T05:36:21.858Z] [hub] writing locator at /var/folders/8w/c5x389b11rg_tq8t2t9wl84c0000gn/T/hub-clone-93db3.json
[warn] ⚠  functions: The following emulators are not running, calls to these services from the Functions emulator will affect production: auth, firestore, database, pubsub {"metadata":{"emulator":{"name":"functions"},"message":"The following emulators are not running, calls to these services from the Functions emulator will affect production: \u001b[1mauth, firestore, database, pubsub\u001b[22m"}}
[info] ✔  functions: Using node@12 from host. {"metadata":{"emulator":{"name":"functions"},"message":"Using node@12 from host."}}
[debug] [2020-12-12T05:36:21.949Z] defaultcredentials: writing to file /Users/jasonkang/.config/firebase/kangja1996_gmail_com_application_default_credentials.json
[debug] [2020-12-12T05:36:22.096Z] Setting GAC to /Users/jasonkang/.config/firebase/kangja1996_gmail_com_application_default_credentials.json {"metadata":{"emulator":{"name":"functions"},"message":"Setting GAC to /Users/jasonkang/.config/firebase/kangja1996_gmail_com_application_default_credentials.json"}}
[debug] [2020-12-12T05:36:22.109Z] > refreshing access token with scopes: ["email","https://www.googleapis.com/auth/cloud-platform","https://www.googleapis.com/auth/cloudplatformprojects.readonly","https://www.googleapis.com/auth/firebase","openid"]
[debug] [2020-12-12T05:36:22.110Z] >>> HTTP REQUEST POST https://www.googleapis.com/oauth2/v3/token  
 <request body omitted>
[debug] [2020-12-12T05:36:22.221Z] <<< HTTP RESPONSE 200 {"pragma":"no-cache","date":"Sat, 12 Dec 2020 05:36:22 GMT","expires":"Mon, 01 Jan 1990 00:00:00 GMT","cache-control":"no-cache, no-store, max-age=0, must-revalidate","content-type":"application/json; charset=utf-8","vary":"X-Origin, Referer, Origin,Accept-Encoding","server":"scaffolding on HTTPServer2","x-xss-protection":"0","x-frame-options":"SAMEORIGIN","x-content-type-options":"nosniff","alt-svc":"h3-29=\":443\"; ma=2592000,h3-T051=\":443\"; ma=2592000,h3-Q050=\":443\"; ma=2592000,h3-Q046=\":443\"; ma=2592000,h3-Q043=\":443\"; ma=2592000,quic=\":443\"; ma=2592000; v=\"46,43\"","accept-ranges":"none","transfer-encoding":"chunked"}
[debug] [2020-12-12T05:36:22.375Z] >>> HTTP REQUEST GET https://firebase.googleapis.com/v1beta1/projects/clone-93db3/webApps/-/config  
 
[debug] [2020-12-12T05:36:22.391Z] <<< [apiv2][status] GET https://firebase-public.firebaseio.com/cli.json 200
[debug] [2020-12-12T05:36:22.398Z] <<< [apiv2][body] GET https://firebase-public.firebaseio.com/cli.json {"cloudBuildErrorAfter":1594252800000,"cloudBuildWarnAfter":1590019200000,"defaultNode10After":1594252800000,"minVersion":"3.0.5","node8DeploysDisabledAfter":1613390400000,"node8RuntimeDisabledAfter":1615809600000,"node8WarnAfter":1600128000000}
[debug] [2020-12-12T05:36:22.873Z] <<< HTTP RESPONSE 200 {"content-type":"application/json; charset=UTF-8","vary":"X-Origin, Referer, Origin,Accept-Encoding","date":"Sat, 12 Dec 2020 05:36:22 GMT","server":"ESF","cache-control":"private","x-xss-protection":"0","x-frame-options":"SAMEORIGIN","x-content-type-options":"nosniff","alt-svc":"h3-29=\":443\"; ma=2592000,h3-T051=\":443\"; ma=2592000,h3-Q050=\":443\"; ma=2592000,h3-Q046=\":443\"; ma=2592000,h3-Q043=\":443\"; ma=2592000,quic=\":443\"; ma=2592000; v=\"46,43\"","accept-ranges":"none","transfer-encoding":"chunked"}
[info] i  hosting: Serving hosting files from: build {"metadata":{"emulator":{"name":"hosting"},"message":"Serving hosting files from: \u001b[1mbuild\u001b[22m"}}
[info] ✔  hosting: Local server: http://localhost:5000 {"metadata":{"emulator":{"name":"hosting"},"message":"Local server: \u001b[4m\u001b[1mhttp://localhost:5000\u001b[22m\u001b[24m"}}
[warn] ⚠  ui: Emulator UI unable to start on port 4000, starting on 4001 instead. {"metadata":{"emulator":{"name":"ui"},"message":"Emulator UI unable to start on port 4000, starting on 4001 instead."}}
[debug] [2020-12-12T05:36:22.970Z] Ignoring unsupported arg: auto_download {"metadata":{"emulator":{"name":"ui"},"message":"Ignoring unsupported arg: auto_download"}}
[debug] [2020-12-12T05:36:22.971Z] Ignoring unsupported arg: port {"metadata":{"emulator":{"name":"ui"},"message":"Ignoring unsupported arg: port"}}
[debug] [2020-12-12T05:36:22.971Z] Starting Emulator UI with command {"binary":"node","args":["/Users/jasonkang/.cache/firebase/emulators/ui-v1.3.0/server.bundle.js"],"optionalArgs":[],"joinArgs":false} {"metadata":{"emulator":{"name":"ui"},"message":"Starting Emulator UI with command {\"binary\":\"node\",\"args\":[\"/Users/jasonkang/.cache/firebase/emulators/ui-v1.3.0/server.bundle.js\"],\"optionalArgs\":[],\"joinArgs\":false}"}}
[info] i  ui: Emulator UI logging to ui-debug.log {"metadata":{"emulator":{"name":"ui"},"message":"Emulator UI logging to \u001b[1mui-debug.log\u001b[22m"}}
[debug] [2020-12-12T05:36:23.356Z] Web / API server started at http://localhost:4001
 {"metadata":{"emulator":{"name":"ui"},"message":"Web / API server started at http://localhost:4001\n"}}
[info] i  functions: Watching "/Users/jasonkang/Desktop/sandbox/react-samples/amazon-clone-react/amazon-clone/functions" for Cloud Functions... {"metadata":{"emulator":{"name":"functions"},"message":"Watching \"/Users/jasonkang/Desktop/sandbox/react-samples/amazon-clone-react/amazon-clone/functions\" for Cloud Functions..."}}
[debug] [2020-12-12T05:36:23.535Z] [worker-pool] addWorker(~diagnostic~) {"metadata":{"emulator":{"name":"functions"},"message":"[worker-pool] addWorker(~diagnostic~)"}}
[debug] [2020-12-12T05:36:23.535Z] [worker-pool] Adding worker with key ~diagnostic~, total=1 {"metadata":{"emulator":{"name":"functions"},"message":"[worker-pool] Adding worker with key ~diagnostic~, total=1"}}
[debug] [2020-12-12T05:36:23.535Z] [worker-pool] submitWork(triggerId=) {"metadata":{"emulator":{"name":"functions"},"message":"[worker-pool] submitWork(triggerId=)"}}
[debug] [2020-12-12T05:36:23.536Z] [worker-~diagnostic~-94d0c8d6-e89f-493f-a657-30357679ba69]: Assigning socketPath: /var/folders/8w/c5x389b11rg_tq8t2t9wl84c0000gn/T/fire_emu_57591.sock {"metadata":{"emulator":{"name":"functions"},"message":"[worker-~diagnostic~-94d0c8d6-e89f-493f-a657-30357679ba69]: Assigning socketPath: /var/folders/8w/c5x389b11rg_tq8t2t9wl84c0000gn/T/fire_emu_57591.sock"}}
[debug] [2020-12-12T05:36:23.536Z] [worker-~diagnostic~-94d0c8d6-e89f-493f-a657-30357679ba69]: BUSY {"metadata":{"emulator":{"name":"functions"},"message":"[worker-~diagnostic~-94d0c8d6-e89f-493f-a657-30357679ba69]: BUSY"}}
[debug] [2020-12-12T05:36:24.373Z] [runtime-status] [57591] Functions runtime initialized. {"cwd":"/Users/jasonkang/Desktop/sandbox/react-samples/amazon-clone-react/amazon-clone/functions","node_version":"12.16.1"} {"metadata":{"emulator":{"name":"functions"},"message":"[runtime-status] [57591] Functions runtime initialized. {\"cwd\":\"/Users/jasonkang/Desktop/sandbox/react-samples/amazon-clone-react/amazon-clone/functions\",\"node_version\":\"12.16.1\"}"}}
[debug] [2020-12-12T05:36:24.376Z] [runtime-status] [57591] Disabled runtime features: undefined {"metadata":{"emulator":{"name":"functions"},"message":"[runtime-status] [57591] Disabled runtime features: undefined"}}
[debug] [2020-12-12T05:36:24.397Z] [runtime-status] [57591] Resolved module firebase-admin {"declared":true,"installed":true,"version":"9.4.2","resolution":"/Users/jasonkang/Desktop/sandbox/react-samples/amazon-clone-react/amazon-clone/functions/node_modules/firebase-admin/lib/index.js"} {"metadata":{"emulator":{"name":"functions"},"message":"[runtime-status] [57591] Resolved module firebase-admin {\"declared\":true,\"installed\":true,\"version\":\"9.4.2\",\"resolution\":\"/Users/jasonkang/Desktop/sandbox/react-samples/amazon-clone-react/amazon-clone/functions/node_modules/firebase-admin/lib/index.js\"}"}}
[debug] [2020-12-12T05:36:24.408Z] [runtime-status] [57591] Resolved module firebase-functions {"declared":true,"installed":true,"version":"3.13.0","resolution":"/Users/jasonkang/Desktop/sandbox/react-samples/amazon-clone-react/amazon-clone/functions/node_modules/firebase-functions/lib/index.js"} {"metadata":{"emulator":{"name":"functions"},"message":"[runtime-status] [57591] Resolved module firebase-functions {\"declared\":true,\"installed\":true,\"version\":\"3.13.0\",\"resolution\":\"/Users/jasonkang/Desktop/sandbox/react-samples/amazon-clone-react/amazon-clone/functions/node_modules/firebase-functions/lib/index.js\"}"}}
[debug] [2020-12-12T05:36:24.415Z] [runtime-status] [57591] Resolved module firebase-functions {"declared":true,"installed":true,"version":"3.13.0","resolution":"/Users/jasonkang/Desktop/sandbox/react-samples/amazon-clone-react/amazon-clone/functions/node_modules/firebase-functions/lib/index.js"} {"metadata":{"emulator":{"name":"functions"},"message":"[runtime-status] [57591] Resolved module firebase-functions {\"declared\":true,\"installed\":true,\"version\":\"3.13.0\",\"resolution\":\"/Users/jasonkang/Desktop/sandbox/react-samples/amazon-clone-react/amazon-clone/functions/node_modules/firebase-functions/lib/index.js\"}"}}
[debug] [2020-12-12T05:36:24.438Z] [runtime-status] [57591] Outgoing network have been stubbed. [{"name":"http","status":"mocked"},{"name":"http","status":"mocked"},{"name":"https","status":"mocked"},{"name":"https","status":"mocked"},{"name":"net","status":"mocked"}] {"metadata":{"emulator":{"name":"functions"},"message":"[runtime-status] [57591] Outgoing network have been stubbed. [{\"name\":\"http\",\"status\":\"mocked\"},{\"name\":\"http\",\"status\":\"mocked\"},{\"name\":\"https\",\"status\":\"mocked\"},{\"name\":\"https\",\"status\":\"mocked\"},{\"name\":\"net\",\"status\":\"mocked\"}]"}}
[debug] [2020-12-12T05:36:24.454Z] [runtime-status] [57591] Resolved module firebase-functions {"declared":true,"installed":true,"version":"3.13.0","resolution":"/Users/jasonkang/Desktop/sandbox/react-samples/amazon-clone-react/amazon-clone/functions/node_modules/firebase-functions/lib/index.js"} {"metadata":{"emulator":{"name":"functions"},"message":"[runtime-status] [57591] Resolved module firebase-functions {\"declared\":true,\"installed\":true,\"version\":\"3.13.0\",\"resolution\":\"/Users/jasonkang/Desktop/sandbox/react-samples/amazon-clone-react/amazon-clone/functions/node_modules/firebase-functions/lib/index.js\"}"}}
[debug] [2020-12-12T05:36:24.724Z] [runtime-status] [57591] Checked functions.config() {"config":{}} {"metadata":{"emulator":{"name":"functions"},"message":"[runtime-status] [57591] Checked functions.config() {\"config\":{}}"}}
[debug] [2020-12-12T05:36:24.725Z] [runtime-status] [57591] firebase-functions has been stubbed. {"functionsResolution":{"declared":true,"installed":true,"version":"3.13.0","resolution":"/Users/jasonkang/Desktop/sandbox/react-samples/amazon-clone-react/amazon-clone/functions/node_modules/firebase-functions/lib/index.js"}} {"metadata":{"emulator":{"name":"functions"},"message":"[runtime-status] [57591] firebase-functions has been stubbed. {\"functionsResolution\":{\"declared\":true,\"installed\":true,\"version\":\"3.13.0\",\"resolution\":\"/Users/jasonkang/Desktop/sandbox/react-samples/amazon-clone-react/amazon-clone/functions/node_modules/firebase-functions/lib/index.js\"}}"}}
[debug] [2020-12-12T05:36:24.726Z] [runtime-status] [57591] Resolved module firebase-functions {"declared":true,"installed":true,"version":"3.13.0","resolution":"/Users/jasonkang/Desktop/sandbox/react-samples/amazon-clone-react/amazon-clone/functions/node_modules/firebase-functions/lib/index.js"} {"metadata":{"emulator":{"name":"functions"},"message":"[runtime-status] [57591] Resolved module firebase-functions {\"declared\":true,\"installed\":true,\"version\":\"3.13.0\",\"resolution\":\"/Users/jasonkang/Desktop/sandbox/react-samples/amazon-clone-react/amazon-clone/functions/node_modules/firebase-functions/lib/index.js\"}"}}
[debug] [2020-12-12T05:36:24.727Z] [runtime-status] [57591] Resolved module firebase-admin {"declared":true,"installed":true,"version":"9.4.2","resolution":"/Users/jasonkang/Desktop/sandbox/react-samples/amazon-clone-react/amazon-clone/functions/node_modules/firebase-admin/lib/index.js"} {"metadata":{"emulator":{"name":"functions"},"message":"[runtime-status] [57591] Resolved module firebase-admin {\"declared\":true,\"installed\":true,\"version\":\"9.4.2\",\"resolution\":\"/Users/jasonkang/Desktop/sandbox/react-samples/amazon-clone-react/amazon-clone/functions/node_modules/firebase-admin/lib/index.js\"}"}}
[debug] [2020-12-12T05:36:24.728Z] [runtime-status] [57591] Resolved module firebase-functions {"declared":true,"installed":true,"version":"3.13.0","resolution":"/Users/jasonkang/Desktop/sandbox/react-samples/amazon-clone-react/amazon-clone/functions/node_modules/firebase-functions/lib/index.js"} {"metadata":{"emulator":{"name":"functions"},"message":"[runtime-status] [57591] Resolved module firebase-functions {\"declared\":true,\"installed\":true,\"version\":\"3.13.0\",\"resolution\":\"/Users/jasonkang/Desktop/sandbox/react-samples/amazon-clone-react/amazon-clone/functions/node_modules/firebase-functions/lib/index.js\"}"}}
[debug] [2020-12-12T05:36:24.728Z] [runtime-status] [57591] firebase-admin has been stubbed. {"adminResolution":{"declared":true,"installed":true,"version":"9.4.2","resolution":"/Users/jasonkang/Desktop/sandbox/react-samples/amazon-clone-react/amazon-clone/functions/node_modules/firebase-admin/lib/index.js"}} {"metadata":{"emulator":{"name":"functions"},"message":"[runtime-status] [57591] firebase-admin has been stubbed. {\"adminResolution\":{\"declared\":true,\"installed\":true,\"version\":\"9.4.2\",\"resolution\":\"/Users/jasonkang/Desktop/sandbox/react-samples/amazon-clone-react/amazon-clone/functions/node_modules/firebase-admin/lib/index.js\"}}"}}
[info] ✔  functions[api]: http function initialized (http://localhost:5001/clone-93db3/us-central1/api). {"metadata":{"emulator":{"name":"functions"},"message":"\u001b[1mhttp\u001b[22m function initialized (http://localhost:5001/clone-93db3/us-central1/api)."}}
[info] 
┌────────────────────────────────────────────────────────────────┐
│ ✔  All emulators ready! View status and logs at localhost:4001 │
└────────────────────────────────────────────────────────────────┘

┌───────────┬────────────────┬──────────────────────────┐
│ Emulator  │ Host:Port      │ View in Emulator UI      │
├───────────┼────────────────┼──────────────────────────┤
│ Functions │ localhost:5001 │ localhost:4001/functions │
├───────────┼────────────────┼──────────────────────────┤
│ Hosting   │ localhost:5000 │ n/a                      │
└───────────┴────────────────┴──────────────────────────┘
  Other reserved ports: 4400, 4500

Issues? Report them at https://github.com/firebase/firebase-tools/issues and attach the *-debug.log files.
 
[debug] [2020-12-12T05:36:25.962Z] [worker-~diagnostic~-94d0c8d6-e89f-493f-a657-30357679ba69]: IDLE {"metadata":{"emulator":{"name":"functions"},"message":"[worker-~diagnostic~-94d0c8d6-e89f-493f-a657-30357679ba69]: IDLE"}}
[debug] [2020-12-12T05:36:27.657Z] [work-queue] {"queueLength":1,"workRunningCount":0}
[debug] [2020-12-12T05:36:27.658Z] [work-queue] {"queueLength":0,"workRunningCount":1}
[debug] [2020-12-12T05:36:27.658Z] Accepted request POST /clone-93db3/us-central1/api/payments/create?total=5988 --> api
[debug] [2020-12-12T05:36:27.678Z] [worker-pool] addWorker(api) {"metadata":{"emulator":{"name":"functions"},"message":"[worker-pool] addWorker(api)"}}
[debug] [2020-12-12T05:36:27.679Z] [worker-pool] Adding worker with key api, total=1 {"metadata":{"emulator":{"name":"functions"},"message":"[worker-pool] Adding worker with key api, total=1"}}
[debug] [2020-12-12T05:36:27.679Z] [worker-pool] submitWork(triggerId=api) {"metadata":{"emulator":{"name":"functions"},"message":"[worker-pool] submitWork(triggerId=api)"}}
[debug] [2020-12-12T05:36:27.679Z] [worker-api-35e78086-a3f9-4cb4-8cd7-a43d804feed3]: Assigning socketPath: /var/folders/8w/c5x389b11rg_tq8t2t9wl84c0000gn/T/fire_emu_57593.sock {"metadata":{"emulator":{"name":"functions"},"message":"[worker-api-35e78086-a3f9-4cb4-8cd7-a43d804feed3]: Assigning socketPath: /var/folders/8w/c5x389b11rg_tq8t2t9wl84c0000gn/T/fire_emu_57593.sock"}}
[debug] [2020-12-12T05:36:27.680Z] [worker-api-35e78086-a3f9-4cb4-8cd7-a43d804feed3]: BUSY {"metadata":{"emulator":{"name":"functions"},"message":"[worker-api-35e78086-a3f9-4cb4-8cd7-a43d804feed3]: BUSY"}}
[debug] [2020-12-12T05:36:28.408Z] [runtime-status] [57593] Functions runtime initialized. {"cwd":"/Users/jasonkang/Desktop/sandbox/react-samples/amazon-clone-react/amazon-clone/functions","node_version":"12.16.1"} {"metadata":{"emulator":{"name":"functions"},"function":{"name":"api"},"message":"[runtime-status] [57593] Functions runtime initialized. {\"cwd\":\"/Users/jasonkang/Desktop/sandbox/react-samples/amazon-clone-react/amazon-clone/functions\",\"node_version\":\"12.16.1\"}"}}
[debug] [2020-12-12T05:36:28.419Z] [runtime-status] [57593] Disabled runtime features: undefined {"metadata":{"emulator":{"name":"functions"},"function":{"name":"api"},"message":"[runtime-status] [57593] Disabled runtime features: undefined"}}
[debug] [2020-12-12T05:36:28.424Z] [runtime-status] [57593] Resolved module firebase-admin {"declared":true,"installed":true,"version":"9.4.2","resolution":"/Users/jasonkang/Desktop/sandbox/react-samples/amazon-clone-react/amazon-clone/functions/node_modules/firebase-admin/lib/index.js"} {"metadata":{"emulator":{"name":"functions"},"function":{"name":"api"},"message":"[runtime-status] [57593] Resolved module firebase-admin {\"declared\":true,\"installed\":true,\"version\":\"9.4.2\",\"resolution\":\"/Users/jasonkang/Desktop/sandbox/react-samples/amazon-clone-react/amazon-clone/functions/node_modules/firebase-admin/lib/index.js\"}"}}
[debug] [2020-12-12T05:36:28.431Z] [runtime-status] [57593] Resolved module firebase-functions {"declared":true,"installed":true,"version":"3.13.0","resolution":"/Users/jasonkang/Desktop/sandbox/react-samples/amazon-clone-react/amazon-clone/functions/node_modules/firebase-functions/lib/index.js"} {"metadata":{"emulator":{"name":"functions"},"function":{"name":"api"},"message":"[runtime-status] [57593] Resolved module firebase-functions {\"declared\":true,\"installed\":true,\"version\":\"3.13.0\",\"resolution\":\"/Users/jasonkang/Desktop/sandbox/react-samples/amazon-clone-react/amazon-clone/functions/node_modules/firebase-functions/lib/index.js\"}"}}
[debug] [2020-12-12T05:36:28.435Z] [runtime-status] [57593] Resolved module firebase-functions {"declared":true,"installed":true,"version":"3.13.0","resolution":"/Users/jasonkang/Desktop/sandbox/react-samples/amazon-clone-react/amazon-clone/functions/node_modules/firebase-functions/lib/index.js"} {"metadata":{"emulator":{"name":"functions"},"function":{"name":"api"},"message":"[runtime-status] [57593] Resolved module firebase-functions {\"declared\":true,\"installed\":true,\"version\":\"3.13.0\",\"resolution\":\"/Users/jasonkang/Desktop/sandbox/react-samples/amazon-clone-react/amazon-clone/functions/node_modules/firebase-functions/lib/index.js\"}"}}
[debug] [2020-12-12T05:36:28.439Z] [runtime-status] [57593] Outgoing network have been stubbed. [{"name":"http","status":"mocked"},{"name":"http","status":"mocked"},{"name":"https","status":"mocked"},{"name":"https","status":"mocked"},{"name":"net","status":"mocked"}] {"metadata":{"emulator":{"name":"functions"},"function":{"name":"api"},"message":"[runtime-status] [57593] Outgoing network have been stubbed. [{\"name\":\"http\",\"status\":\"mocked\"},{\"name\":\"http\",\"status\":\"mocked\"},{\"name\":\"https\",\"status\":\"mocked\"},{\"name\":\"https\",\"status\":\"mocked\"},{\"name\":\"net\",\"status\":\"mocked\"}]"}}
[debug] [2020-12-12T05:36:28.440Z] [runtime-status] [57593] Resolved module firebase-functions {"declared":true,"installed":true,"version":"3.13.0","resolution":"/Users/jasonkang/Desktop/sandbox/react-samples/amazon-clone-react/amazon-clone/functions/node_modules/firebase-functions/lib/index.js"} {"metadata":{"emulator":{"name":"functions"},"function":{"name":"api"},"message":"[runtime-status] [57593] Resolved module firebase-functions {\"declared\":true,\"installed\":true,\"version\":\"3.13.0\",\"resolution\":\"/Users/jasonkang/Desktop/sandbox/react-samples/amazon-clone-react/amazon-clone/functions/node_modules/firebase-functions/lib/index.js\"}"}}
[debug] [2020-12-12T05:36:28.755Z] [runtime-status] [57593] Checked functions.config() {"config":{}} {"metadata":{"emulator":{"name":"functions"},"function":{"name":"api"},"message":"[runtime-status] [57593] Checked functions.config() {\"config\":{}}"}}
[debug] [2020-12-12T05:36:28.756Z] [runtime-status] [57593] firebase-functions has been stubbed. {"functionsResolution":{"declared":true,"installed":true,"version":"3.13.0","resolution":"/Users/jasonkang/Desktop/sandbox/react-samples/amazon-clone-react/amazon-clone/functions/node_modules/firebase-functions/lib/index.js"}} {"metadata":{"emulator":{"name":"functions"},"function":{"name":"api"},"message":"[runtime-status] [57593] firebase-functions has been stubbed. {\"functionsResolution\":{\"declared\":true,\"installed\":true,\"version\":\"3.13.0\",\"resolution\":\"/Users/jasonkang/Desktop/sandbox/react-samples/amazon-clone-react/amazon-clone/functions/node_modules/firebase-functions/lib/index.js\"}}"}}
[debug] [2020-12-12T05:36:28.756Z] [runtime-status] [57593] Resolved module firebase-functions {"declared":true,"installed":true,"version":"3.13.0","resolution":"/Users/jasonkang/Desktop/sandbox/react-samples/amazon-clone-react/amazon-clone/functions/node_modules/firebase-functions/lib/index.js"} {"metadata":{"emulator":{"name":"functions"},"function":{"name":"api"},"message":"[runtime-status] [57593] Resolved module firebase-functions {\"declared\":true,\"installed\":true,\"version\":\"3.13.0\",\"resolution\":\"/Users/jasonkang/Desktop/sandbox/react-samples/amazon-clone-react/amazon-clone/functions/node_modules/firebase-functions/lib/index.js\"}"}}
[debug] [2020-12-12T05:36:28.759Z] [runtime-status] [57593] Resolved module firebase-admin {"declared":true,"installed":true,"version":"9.4.2","resolution":"/Users/jasonkang/Desktop/sandbox/react-samples/amazon-clone-react/amazon-clone/functions/node_modules/firebase-admin/lib/index.js"} {"metadata":{"emulator":{"name":"functions"},"function":{"name":"api"},"message":"[runtime-status] [57593] Resolved module firebase-admin {\"declared\":true,\"installed\":true,\"version\":\"9.4.2\",\"resolution\":\"/Users/jasonkang/Desktop/sandbox/react-samples/amazon-clone-react/amazon-clone/functions/node_modules/firebase-admin/lib/index.js\"}"}}
[debug] [2020-12-12T05:36:28.770Z] [runtime-status] [57593] Resolved module firebase-functions {"declared":true,"installed":true,"version":"3.13.0","resolution":"/Users/jasonkang/Desktop/sandbox/react-samples/amazon-clone-react/amazon-clone/functions/node_modules/firebase-functions/lib/index.js"} {"metadata":{"emulator":{"name":"functions"},"function":{"name":"api"},"message":"[runtime-status] [57593] Resolved module firebase-functions {\"declared\":true,\"installed\":true,\"version\":\"3.13.0\",\"resolution\":\"/Users/jasonkang/Desktop/sandbox/react-samples/amazon-clone-react/amazon-clone/functions/node_modules/firebase-functions/lib/index.js\"}"}}
[debug] [2020-12-12T05:36:28.770Z] [runtime-status] [57593] firebase-admin has been stubbed. {"adminResolution":{"declared":true,"installed":true,"version":"9.4.2","resolution":"/Users/jasonkang/Desktop/sandbox/react-samples/amazon-clone-react/amazon-clone/functions/node_modules/firebase-admin/lib/index.js"}} {"metadata":{"emulator":{"name":"functions"},"function":{"name":"api"},"message":"[runtime-status] [57593] firebase-admin has been stubbed. {\"adminResolution\":{\"declared\":true,\"installed\":true,\"version\":\"9.4.2\",\"resolution\":\"/Users/jasonkang/Desktop/sandbox/react-samples/amazon-clone-react/amazon-clone/functions/node_modules/firebase-admin/lib/index.js\"}}"}}
[debug] [2020-12-12T05:36:29.236Z] [runtime-status] [57593] Trigger "api" has been found, beginning invocation! {"metadata":{"emulator":{"name":"functions"},"function":{"name":"api"},"message":"[runtime-status] [57593] Trigger \"api\" has been found, beginning invocation!"}}
[info] i  functions: Beginning execution of "api" {"metadata":{"emulator":{"name":"functions"},"function":{"name":"api"},"message":"Beginning execution of \"api\""}}
[debug] [2020-12-12T05:36:29.238Z] [runtime-status] [57593] triggerDefinition {"httpsTrigger":{},"name":"api","entryPoint":"api"} {"metadata":{"emulator":{"name":"functions"},"function":{"name":"api"},"message":"[runtime-status] [57593] triggerDefinition {\"httpsTrigger\":{},\"name\":\"api\",\"entryPoint\":\"api\"}"}}
[debug] [2020-12-12T05:36:29.238Z] [runtime-status] [57593] Running api in mode HTTPS {"metadata":{"emulator":{"name":"functions"},"function":{"name":"api"},"message":"[runtime-status] [57593] Running api in mode HTTPS"}}
[debug] [2020-12-12T05:36:29.255Z] [runtime-status] [57593] Attempting to listen to socketPath: /var/folders/8w/c5x389b11rg_tq8t2t9wl84c0000gn/T/fire_emu_57593.sock {"metadata":{"emulator":{"name":"functions"},"function":{"name":"api"},"message":"[runtime-status] [57593] Attempting to listen to socketPath: /var/folders/8w/c5x389b11rg_tq8t2t9wl84c0000gn/T/fire_emu_57593.sock"}}
[debug] [2020-12-12T05:36:29.260Z] [functions] Runtime ready! Sending request! {"metadata":{"emulator":{"name":"functions"},"message":"[functions] Runtime ready! Sending request!"}}
[debug] [2020-12-12T05:36:29.339Z] [runtime-status] [57593] Ephemeral server handling POST request {"metadata":{"emulator":{"name":"functions"},"function":{"name":"api"},"message":"[runtime-status] [57593] Ephemeral server handling POST request"}}
[info] >  Payment request Received for this amount >>> 5988 {"user":"Payment request Received for this amount >>> 5988","metadata":{"emulator":{"name":"functions"},"function":{"name":"api"},"message":"\u001b[90m> \u001b[39m Payment request Received for this amount >>> 5988"}}
[debug] [2020-12-12T05:36:29.394Z] [runtime-status] [57593] Ephemeral server survived. {"metadata":{"emulator":{"name":"functions"},"function":{"name":"api"},"message":"[runtime-status] [57593] Ephemeral server survived."}}
[info] i  functions: Finished "api" in ~1s {"metadata":{"emulator":{"name":"functions"},"function":{"name":"api"},"message":"Finished \"api\" in ~1s"}}
[debug] [2020-12-12T05:36:29.801Z] [worker-api-35e78086-a3f9-4cb4-8cd7-a43d804feed3]: IDLE {"metadata":{"emulator":{"name":"functions"},"message":"[worker-api-35e78086-a3f9-4cb4-8cd7-a43d804feed3]: IDLE"}}
[debug] [2020-12-12T05:36:29.801Z] [work-queue] {"queueLength":0,"workRunningCount":0}
[debug] [2020-12-12T05:36:47.902Z] [work-queue] {"queueLength":1,"workRunningCount":0}
[debug] [2020-12-12T05:36:47.902Z] [work-queue] {"queueLength":0,"workRunningCount":1}
[debug] [2020-12-12T05:36:47.903Z] Accepted request POST /clone-93db3/us-central1/api/payments/create?total=5988 --> api
[debug] [2020-12-12T05:36:47.903Z] [worker-pool] submitWork(triggerId=api) {"metadata":{"emulator":{"name":"functions"},"message":"[worker-pool] submitWork(triggerId=api)"}}
[debug] [2020-12-12T05:36:47.903Z] [worker-api-35e78086-a3f9-4cb4-8cd7-a43d804feed3]: Assigning socketPath: /var/folders/8w/c5x389b11rg_tq8t2t9wl84c0000gn/T/fire_emu_57593.sock {"metadata":{"emulator":{"name":"functions"},"message":"[worker-api-35e78086-a3f9-4cb4-8cd7-a43d804feed3]: Assigning socketPath: /var/folders/8w/c5x389b11rg_tq8t2t9wl84c0000gn/T/fire_emu_57593.sock"}}
[debug] [2020-12-12T05:36:47.904Z] [worker-api-35e78086-a3f9-4cb4-8cd7-a43d804feed3]: BUSY {"metadata":{"emulator":{"name":"functions"},"message":"[worker-api-35e78086-a3f9-4cb4-8cd7-a43d804feed3]: BUSY"}}
[debug] [2020-12-12T05:36:47.904Z] [runtime-status] [57593] Trigger "api" has been found, beginning invocation! {"metadata":{"emulator":{"name":"functions"},"function":{"name":"api"},"message":"[runtime-status] [57593] Trigger \"api\" has been found, beginning invocation!"}}
[info] i  functions: Beginning execution of "api" {"metadata":{"emulator":{"name":"functions"},"function":{"name":"api"},"message":"Beginning execution of \"api\""}}
[debug] [2020-12-12T05:36:47.906Z] [runtime-status] [57593] triggerDefinition {"httpsTrigger":{},"name":"api","entryPoint":"api"} {"metadata":{"emulator":{"name":"functions"},"function":{"name":"api"},"message":"[runtime-status] [57593] triggerDefinition {\"httpsTrigger\":{},\"name\":\"api\",\"entryPoint\":\"api\"}"}}
[debug] [2020-12-12T05:36:47.906Z] [runtime-status] [57593] Running api in mode HTTPS {"metadata":{"emulator":{"name":"functions"},"function":{"name":"api"},"message":"[runtime-status] [57593] Running api in mode HTTPS"}}
[debug] [2020-12-12T05:36:47.906Z] [runtime-status] [57593] Attempting to listen to socketPath: /var/folders/8w/c5x389b11rg_tq8t2t9wl84c0000gn/T/fire_emu_57593.sock {"metadata":{"emulator":{"name":"functions"},"function":{"name":"api"},"message":"[runtime-status] [57593] Attempting to listen to socketPath: /var/folders/8w/c5x389b11rg_tq8t2t9wl84c0000gn/T/fire_emu_57593.sock"}}
[debug] [2020-12-12T05:36:47.917Z] [functions] Runtime ready! Sending request! {"metadata":{"emulator":{"name":"functions"},"message":"[functions] Runtime ready! Sending request!"}}
[debug] [2020-12-12T05:36:47.931Z] [runtime-status] [57593] Ephemeral server handling POST request {"metadata":{"emulator":{"name":"functions"},"function":{"name":"api"},"message":"[runtime-status] [57593] Ephemeral server handling POST request"}}
[debug] [2020-12-12T05:36:47.931Z] [runtime-status] [57593] Ephemeral server survived. {"metadata":{"emulator":{"name":"functions"},"function":{"name":"api"},"message":"[runtime-status] [57593] Ephemeral server survived."}}
[info] >  Payment request Received for this amount >>> 5988 {"user":"Payment request Received for this amount >>> 5988","metadata":{"emulator":{"name":"functions"},"function":{"name":"api"},"message":"\u001b[90m> \u001b[39m Payment request Received for this amount >>> 5988"}}
[info] i  functions: Finished "api" in ~1s {"metadata":{"emulator":{"name":"functions"},"function":{"name":"api"},"message":"Finished \"api\" in ~1s"}}
[debug] [2020-12-12T05:36:48.151Z] [worker-api-35e78086-a3f9-4cb4-8cd7-a43d804feed3]: IDLE {"metadata":{"emulator":{"name":"functions"},"message":"[worker-api-35e78086-a3f9-4cb4-8cd7-a43d804feed3]: IDLE"}}
[debug] [2020-12-12T05:36:48.151Z] [work-queue] {"queueLength":0,"workRunningCount":0}
[debug] [2020-12-12T05:37:06.781Z] [work-queue] {"queueLength":1,"workRunningCount":0}
[debug] [2020-12-12T05:37:06.782Z] [work-queue] {"queueLength":0,"workRunningCount":1}
[debug] [2020-12-12T05:37:06.782Z] Accepted request POST /clone-93db3/us-central1/api/payments/create?total=0 --> api
[debug] [2020-12-12T05:37:06.782Z] [worker-pool] submitWork(triggerId=api) {"metadata":{"emulator":{"name":"functions"},"message":"[worker-pool] submitWork(triggerId=api)"}}
[debug] [2020-12-12T05:37:06.782Z] [worker-api-35e78086-a3f9-4cb4-8cd7-a43d804feed3]: Assigning socketPath: /var/folders/8w/c5x389b11rg_tq8t2t9wl84c0000gn/T/fire_emu_57593.sock {"metadata":{"emulator":{"name":"functions"},"message":"[worker-api-35e78086-a3f9-4cb4-8cd7-a43d804feed3]: Assigning socketPath: /var/folders/8w/c5x389b11rg_tq8t2t9wl84c0000gn/T/fire_emu_57593.sock"}}
[debug] [2020-12-12T05:37:06.782Z] [worker-api-35e78086-a3f9-4cb4-8cd7-a43d804feed3]: BUSY {"metadata":{"emulator":{"name":"functions"},"message":"[worker-api-35e78086-a3f9-4cb4-8cd7-a43d804feed3]: BUSY"}}
[debug] [2020-12-12T05:37:06.785Z] [runtime-status] [57593] Trigger "api" has been found, beginning invocation! {"metadata":{"emulator":{"name":"functions"},"function":{"name":"api"},"message":"[runtime-status] [57593] Trigger \"api\" has been found, beginning invocation!"}}
[info] i  functions: Beginning execution of "api" {"metadata":{"emulator":{"name":"functions"},"function":{"name":"api"},"message":"Beginning execution of \"api\""}}
[debug] [2020-12-12T05:37:06.785Z] [runtime-status] [57593] triggerDefinition {"httpsTrigger":{},"name":"api","entryPoint":"api"} {"metadata":{"emulator":{"name":"functions"},"function":{"name":"api"},"message":"[runtime-status] [57593] triggerDefinition {\"httpsTrigger\":{},\"name\":\"api\",\"entryPoint\":\"api\"}"}}
[debug] [2020-12-12T05:37:06.786Z] [runtime-status] [57593] Running api in mode HTTPS {"metadata":{"emulator":{"name":"functions"},"function":{"name":"api"},"message":"[runtime-status] [57593] Running api in mode HTTPS"}}
[debug] [2020-12-12T05:37:06.787Z] [runtime-status] [57593] Attempting to listen to socketPath: /var/folders/8w/c5x389b11rg_tq8t2t9wl84c0000gn/T/fire_emu_57593.sock {"metadata":{"emulator":{"name":"functions"},"function":{"name":"api"},"message":"[runtime-status] [57593] Attempting to listen to socketPath: /var/folders/8w/c5x389b11rg_tq8t2t9wl84c0000gn/T/fire_emu_57593.sock"}}
[debug] [2020-12-12T05:37:06.791Z] [functions] Runtime ready! Sending request! {"metadata":{"emulator":{"name":"functions"},"message":"[functions] Runtime ready! Sending request!"}}
[debug] [2020-12-12T05:37:06.798Z] [runtime-status] [57593] Ephemeral server handling POST request {"metadata":{"emulator":{"name":"functions"},"function":{"name":"api"},"message":"[runtime-status] [57593] Ephemeral server handling POST request"}}
[debug] [2020-12-12T05:37:06.798Z] [runtime-status] [57593] Ephemeral server survived. {"metadata":{"emulator":{"name":"functions"},"function":{"name":"api"},"message":"[runtime-status] [57593] Ephemeral server survived."}}
[info] >  Payment request Received for this amount >>> 0 {"user":"Payment request Received for this amount >>> 0","metadata":{"emulator":{"name":"functions"},"function":{"name":"api"},"message":"\u001b[90m> \u001b[39m Payment request Received for this amount >>> 0"}}
[info] >  (node:57593) UnhandledPromiseRejectionWarning: Error: This value must be greater than or equal to 1. {"user":"(node:57593) UnhandledPromiseRejectionWarning: Error: This value must be greater than or equal to 1.","metadata":{"emulator":{"name":"functions"},"function":{"name":"api"},"message":"\u001b[90m> \u001b[39m (node:57593) UnhandledPromiseRejectionWarning: Error: This value must be greater than or equal to 1."}}
[info] >      at Function.generate (/Users/jasonkang/Desktop/sandbox/react-samples/amazon-clone-react/amazon-clone/functions/node_modules/stripe/lib/Error.js:40:16) {"user":"    at Function.generate (/Users/jasonkang/Desktop/sandbox/react-samples/amazon-clone-react/amazon-clone/functions/node_modules/stripe/lib/Error.js:40:16)","metadata":{"emulator":{"name":"functions"},"function":{"name":"api"},"message":"\u001b[90m> \u001b[39m     at Function.generate (/Users/jasonkang/Desktop/sandbox/react-samples/amazon-clone-react/amazon-clone/functions/node_modules/stripe/lib/Error.js:40:16)"}}
[info] >      at IncomingMessage.<anonymous> (/Users/jasonkang/Desktop/sandbox/react-samples/amazon-clone-react/amazon-clone/functions/node_modules/stripe/lib/StripeResource.js:190:33) {"user":"    at IncomingMessage.<anonymous> (/Users/jasonkang/Desktop/sandbox/react-samples/amazon-clone-react/amazon-clone/functions/node_modules/stripe/lib/StripeResource.js:190:33)","metadata":{"emulator":{"name":"functions"},"function":{"name":"api"},"message":"\u001b[90m> \u001b[39m     at IncomingMessage.<anonymous> (/Users/jasonkang/Desktop/sandbox/react-samples/amazon-clone-react/amazon-clone/functions/node_modules/stripe/lib/StripeResource.js:190:33)"}}
[info] >      at Object.onceWrapper (events.js:417:28) {"user":"    at Object.onceWrapper (events.js:417:28)","metadata":{"emulator":{"name":"functions"},"function":{"name":"api"},"message":"\u001b[90m> \u001b[39m     at Object.onceWrapper (events.js:417:28)"}}
[info] >      at IncomingMessage.emit (events.js:323:22) {"user":"    at IncomingMessage.emit (events.js:323:22)","metadata":{"emulator":{"name":"functions"},"function":{"name":"api"},"message":"\u001b[90m> \u001b[39m     at IncomingMessage.emit (events.js:323:22)"}}
[info] >      at endReadableNT (_stream_readable.js:1204:12) {"user":"    at endReadableNT (_stream_readable.js:1204:12)","metadata":{"emulator":{"name":"functions"},"function":{"name":"api"},"message":"\u001b[90m> \u001b[39m     at endReadableNT (_stream_readable.js:1204:12)"}}
[info] >      at processTicksAndRejections (internal/process/task_queues.js:84:21) {"user":"    at processTicksAndRejections (internal/process/task_queues.js:84:21)","metadata":{"emulator":{"name":"functions"},"function":{"name":"api"},"message":"\u001b[90m> \u001b[39m     at processTicksAndRejections (internal/process/task_queues.js:84:21)"}}
[info] >  (node:57593) UnhandledPromiseRejectionWarning: Unhandled promise rejection. This error originated either by throwing inside of an async function without a catch block, or by rejecting a promise which was not handled with .catch(). To terminate the node process on unhandled promise rejection, use the CLI flag `--unhandled-rejections=strict` (see https://nodejs.org/api/cli.html#cli_unhandled_rejections_mode). (rejection id: 1) {"user":"(node:57593) UnhandledPromiseRejectionWarning: Unhandled promise rejection. This error originated either by throwing inside of an async function without a catch block, or by rejecting a promise which was not handled with .catch(). To terminate the node process on unhandled promise rejection, use the CLI flag `--unhandled-rejections=strict` (see https://nodejs.org/api/cli.html#cli_unhandled_rejections_mode). (rejection id: 1)","metadata":{"emulator":{"name":"functions"},"function":{"name":"api"},"message":"\u001b[90m> \u001b[39m (node:57593) UnhandledPromiseRejectionWarning: Unhandled promise rejection. This error originated either by throwing inside of an async function without a catch block, or by rejecting a promise which was not handled with .catch(). To terminate the node process on unhandled promise rejection, use the CLI flag `--unhandled-rejections=strict` (see https://nodejs.org/api/cli.html#cli_unhandled_rejections_mode). (rejection id: 1)"}}
[info] >  (node:57593) [DEP0018] DeprecationWarning: Unhandled promise rejections are deprecated. In the future, promise rejections that are not handled will terminate the Node.js process with a non-zero exit code. {"user":"(node:57593) [DEP0018] DeprecationWarning: Unhandled promise rejections are deprecated. In the future, promise rejections that are not handled will terminate the Node.js process with a non-zero exit code.","metadata":{"emulator":{"name":"functions"},"function":{"name":"api"},"message":"\u001b[90m> \u001b[39m (node:57593) [DEP0018] DeprecationWarning: Unhandled promise rejections are deprecated. In the future, promise rejections that are not handled will terminate the Node.js process with a non-zero exit code."}}
[warn] ⚠  functions: Your function timed out after ~60s. To configure this timeout, see
      https://firebase.google.com/docs/functions/manage-functions#set_timeout_and_memory_allocation. {"metadata":{"emulator":{"name":"functions"},"function":{"name":"api"},"message":"Your function timed out after ~60s. To configure this timeout, see\n      https://firebase.google.com/docs/functions/manage-functions#set_timeout_and_memory_allocation."}}
[info] >  /Users/jasonkang/.nvm/versions/node/v12.16.1/lib/node_modules/firebase-tools/lib/emulator/functionsEmulatorRuntime.js:668 {"user":"/Users/jasonkang/.nvm/versions/node/v12.16.1/lib/node_modules/firebase-tools/lib/emulator/functionsEmulatorRuntime.js:668","metadata":{"emulator":{"name":"functions"},"function":{"name":"api"},"message":"\u001b[90m> \u001b[39m /Users/jasonkang/.nvm/versions/node/v12.16.1/lib/node_modules/firebase-tools/lib/emulator/functionsEmulatorRuntime.js:668"}}
[info] >                  throw new Error("Function timed out."); {"user":"                throw new Error(\"Function timed out.\");","metadata":{"emulator":{"name":"functions"},"function":{"name":"api"},"message":"\u001b[90m> \u001b[39m                 throw new Error(\"Function timed out.\");"}}
[info] >                  ^ {"user":"                ^","metadata":{"emulator":{"name":"functions"},"function":{"name":"api"},"message":"\u001b[90m> \u001b[39m                 ^"}}
[info] >   {"user":"","metadata":{"emulator":{"name":"functions"},"function":{"name":"api"},"message":"\u001b[90m> \u001b[39m "}}
[info] >  Error: Function timed out. {"user":"Error: Function timed out.","metadata":{"emulator":{"name":"functions"},"function":{"name":"api"},"message":"\u001b[90m> \u001b[39m Error: Function timed out."}}
[info] >      at Timeout._onTimeout (/Users/jasonkang/.nvm/versions/node/v12.16.1/lib/node_modules/firebase-tools/lib/emulator/functionsEmulatorRuntime.js:668:23) {"user":"    at Timeout._onTimeout (/Users/jasonkang/.nvm/versions/node/v12.16.1/lib/node_modules/firebase-tools/lib/emulator/functionsEmulatorRuntime.js:668:23)","metadata":{"emulator":{"name":"functions"},"function":{"name":"api"},"message":"\u001b[90m> \u001b[39m     at Timeout._onTimeout (/Users/jasonkang/.nvm/versions/node/v12.16.1/lib/node_modules/firebase-tools/lib/emulator/functionsEmulatorRuntime.js:668:23)"}}
[info] >      at listOnTimeout (internal/timers.js:549:17) {"user":"    at listOnTimeout (internal/timers.js:549:17)","metadata":{"emulator":{"name":"functions"},"function":{"name":"api"},"message":"\u001b[90m> \u001b[39m     at listOnTimeout (internal/timers.js:549:17)"}}
[info] >      at processTimers (internal/timers.js:492:7) {"user":"    at processTimers (internal/timers.js:492:7)","metadata":{"emulator":{"name":"functions"},"function":{"name":"api"},"message":"\u001b[90m> \u001b[39m     at processTimers (internal/timers.js:492:7)"}}
[debug] [2020-12-12T05:38:06.806Z] [worker-api-35e78086-a3f9-4cb4-8cd7-a43d804feed3]: exited {"metadata":{"emulator":{"name":"functions"},"message":"[worker-api-35e78086-a3f9-4cb4-8cd7-a43d804feed3]: exited"}}
[debug] [2020-12-12T05:38:06.806Z] [worker-api-35e78086-a3f9-4cb4-8cd7-a43d804feed3]: FINISHED {"metadata":{"emulator":{"name":"functions"},"message":"[worker-api-35e78086-a3f9-4cb4-8cd7-a43d804feed3]: FINISHED"}}
[debug] [2020-12-12T05:38:06.806Z] [work-queue] {"queueLength":0,"workRunningCount":0}
[debug] [2020-12-12T05:48:02.480Z] [work-queue] {"queueLength":1,"workRunningCount":0}
[debug] [2020-12-12T05:48:02.484Z] [work-queue] {"queueLength":0,"workRunningCount":1}
[debug] [2020-12-12T05:48:02.484Z] Accepted request POST /clone-93db3/us-central1/api/payments/create?total=47800 --> api
[debug] [2020-12-12T05:48:02.486Z] [worker-pool] Cleaned up workers for api: 1 --> 0 {"metadata":{"emulator":{"name":"functions"},"message":"[worker-pool] Cleaned up workers for api: 1 --> 0"}}
[debug] [2020-12-12T05:48:02.504Z] [worker-pool] addWorker(api) {"metadata":{"emulator":{"name":"functions"},"message":"[worker-pool] addWorker(api)"}}
[debug] [2020-12-12T05:48:02.505Z] [worker-pool] Adding worker with key api, total=1 {"metadata":{"emulator":{"name":"functions"},"message":"[worker-pool] Adding worker with key api, total=1"}}
[debug] [2020-12-12T05:48:02.505Z] [worker-pool] submitWork(triggerId=api) {"metadata":{"emulator":{"name":"functions"},"message":"[worker-pool] submitWork(triggerId=api)"}}
[debug] [2020-12-12T05:48:02.505Z] [worker-api-72d9722e-d9e0-4d3b-a10a-0238c124e957]: Assigning socketPath: /var/folders/8w/c5x389b11rg_tq8t2t9wl84c0000gn/T/fire_emu_57798.sock {"metadata":{"emulator":{"name":"functions"},"message":"[worker-api-72d9722e-d9e0-4d3b-a10a-0238c124e957]: Assigning socketPath: /var/folders/8w/c5x389b11rg_tq8t2t9wl84c0000gn/T/fire_emu_57798.sock"}}
[debug] [2020-12-12T05:48:02.508Z] [worker-api-72d9722e-d9e0-4d3b-a10a-0238c124e957]: BUSY {"metadata":{"emulator":{"name":"functions"},"message":"[worker-api-72d9722e-d9e0-4d3b-a10a-0238c124e957]: BUSY"}}
[debug] [2020-12-12T05:48:04.000Z] [runtime-status] [57798] Functions runtime initialized. {"cwd":"/Users/jasonkang/Desktop/sandbox/react-samples/amazon-clone-react/amazon-clone/functions","node_version":"12.16.1"} {"metadata":{"emulator":{"name":"functions"},"function":{"name":"api"},"message":"[runtime-status] [57798] Functions runtime initialized. {\"cwd\":\"/Users/jasonkang/Desktop/sandbox/react-samples/amazon-clone-react/amazon-clone/functions\",\"node_version\":\"12.16.1\"}"}}
[debug] [2020-12-12T05:48:04.014Z] [runtime-status] [57798] Disabled runtime features: undefined {"metadata":{"emulator":{"name":"functions"},"function":{"name":"api"},"message":"[runtime-status] [57798] Disabled runtime features: undefined"}}
[debug] [2020-12-12T05:48:04.064Z] [runtime-status] [57798] Resolved module firebase-admin {"declared":true,"installed":true,"version":"9.4.2","resolution":"/Users/jasonkang/Desktop/sandbox/react-samples/amazon-clone-react/amazon-clone/functions/node_modules/firebase-admin/lib/index.js"} {"metadata":{"emulator":{"name":"functions"},"function":{"name":"api"},"message":"[runtime-status] [57798] Resolved module firebase-admin {\"declared\":true,\"installed\":true,\"version\":\"9.4.2\",\"resolution\":\"/Users/jasonkang/Desktop/sandbox/react-samples/amazon-clone-react/amazon-clone/functions/node_modules/firebase-admin/lib/index.js\"}"}}
[debug] [2020-12-12T05:48:04.069Z] [runtime-status] [57798] Resolved module firebase-functions {"declared":true,"installed":true,"version":"3.13.0","resolution":"/Users/jasonkang/Desktop/sandbox/react-samples/amazon-clone-react/amazon-clone/functions/node_modules/firebase-functions/lib/index.js"} {"metadata":{"emulator":{"name":"functions"},"function":{"name":"api"},"message":"[runtime-status] [57798] Resolved module firebase-functions {\"declared\":true,\"installed\":true,\"version\":\"3.13.0\",\"resolution\":\"/Users/jasonkang/Desktop/sandbox/react-samples/amazon-clone-react/amazon-clone/functions/node_modules/firebase-functions/lib/index.js\"}"}}
[debug] [2020-12-12T05:48:04.089Z] [runtime-status] [57798] Resolved module firebase-functions {"declared":true,"installed":true,"version":"3.13.0","resolution":"/Users/jasonkang/Desktop/sandbox/react-samples/amazon-clone-react/amazon-clone/functions/node_modules/firebase-functions/lib/index.js"} {"metadata":{"emulator":{"name":"functions"},"function":{"name":"api"},"message":"[runtime-status] [57798] Resolved module firebase-functions {\"declared\":true,\"installed\":true,\"version\":\"3.13.0\",\"resolution\":\"/Users/jasonkang/Desktop/sandbox/react-samples/amazon-clone-react/amazon-clone/functions/node_modules/firebase-functions/lib/index.js\"}"}}
[debug] [2020-12-12T05:48:04.103Z] [runtime-status] [57798] Outgoing network have been stubbed. [{"name":"http","status":"mocked"},{"name":"http","status":"mocked"},{"name":"https","status":"mocked"},{"name":"https","status":"mocked"},{"name":"net","status":"mocked"}] {"metadata":{"emulator":{"name":"functions"},"function":{"name":"api"},"message":"[runtime-status] [57798] Outgoing network have been stubbed. [{\"name\":\"http\",\"status\":\"mocked\"},{\"name\":\"http\",\"status\":\"mocked\"},{\"name\":\"https\",\"status\":\"mocked\"},{\"name\":\"https\",\"status\":\"mocked\"},{\"name\":\"net\",\"status\":\"mocked\"}]"}}
[debug] [2020-12-12T05:48:04.135Z] [runtime-status] [57798] Resolved module firebase-functions {"declared":true,"installed":true,"version":"3.13.0","resolution":"/Users/jasonkang/Desktop/sandbox/react-samples/amazon-clone-react/amazon-clone/functions/node_modules/firebase-functions/lib/index.js"} {"metadata":{"emulator":{"name":"functions"},"function":{"name":"api"},"message":"[runtime-status] [57798] Resolved module firebase-functions {\"declared\":true,\"installed\":true,\"version\":\"3.13.0\",\"resolution\":\"/Users/jasonkang/Desktop/sandbox/react-samples/amazon-clone-react/amazon-clone/functions/node_modules/firebase-functions/lib/index.js\"}"}}
[debug] [2020-12-12T05:48:04.775Z] [runtime-status] [57798] Checked functions.config() {"config":{}} {"metadata":{"emulator":{"name":"functions"},"function":{"name":"api"},"message":"[runtime-status] [57798] Checked functions.config() {\"config\":{}}"}}
[debug] [2020-12-12T05:48:04.776Z] [runtime-status] [57798] firebase-functions has been stubbed. {"functionsResolution":{"declared":true,"installed":true,"version":"3.13.0","resolution":"/Users/jasonkang/Desktop/sandbox/react-samples/amazon-clone-react/amazon-clone/functions/node_modules/firebase-functions/lib/index.js"}} {"metadata":{"emulator":{"name":"functions"},"function":{"name":"api"},"message":"[runtime-status] [57798] firebase-functions has been stubbed. {\"functionsResolution\":{\"declared\":true,\"installed\":true,\"version\":\"3.13.0\",\"resolution\":\"/Users/jasonkang/Desktop/sandbox/react-samples/amazon-clone-react/amazon-clone/functions/node_modules/firebase-functions/lib/index.js\"}}"}}
[debug] [2020-12-12T05:48:04.776Z] [runtime-status] [57798] Resolved module firebase-functions {"declared":true,"installed":true,"version":"3.13.0","resolution":"/Users/jasonkang/Desktop/sandbox/react-samples/amazon-clone-react/amazon-clone/functions/node_modules/firebase-functions/lib/index.js"} {"metadata":{"emulator":{"name":"functions"},"function":{"name":"api"},"message":"[runtime-status] [57798] Resolved module firebase-functions {\"declared\":true,\"installed\":true,\"version\":\"3.13.0\",\"resolution\":\"/Users/jasonkang/Desktop/sandbox/react-samples/amazon-clone-react/amazon-clone/functions/node_modules/firebase-functions/lib/index.js\"}"}}
[debug] [2020-12-12T05:48:04.779Z] [runtime-status] [57798] Resolved module firebase-admin {"declared":true,"installed":true,"version":"9.4.2","resolution":"/Users/jasonkang/Desktop/sandbox/react-samples/amazon-clone-react/amazon-clone/functions/node_modules/firebase-admin/lib/index.js"} {"metadata":{"emulator":{"name":"functions"},"function":{"name":"api"},"message":"[runtime-status] [57798] Resolved module firebase-admin {\"declared\":true,\"installed\":true,\"version\":\"9.4.2\",\"resolution\":\"/Users/jasonkang/Desktop/sandbox/react-samples/amazon-clone-react/amazon-clone/functions/node_modules/firebase-admin/lib/index.js\"}"}}
[debug] [2020-12-12T05:48:04.783Z] [runtime-status] [57798] Resolved module firebase-functions {"declared":true,"installed":true,"version":"3.13.0","resolution":"/Users/jasonkang/Desktop/sandbox/react-samples/amazon-clone-react/amazon-clone/functions/node_modules/firebase-functions/lib/index.js"} {"metadata":{"emulator":{"name":"functions"},"function":{"name":"api"},"message":"[runtime-status] [57798] Resolved module firebase-functions {\"declared\":true,\"installed\":true,\"version\":\"3.13.0\",\"resolution\":\"/Users/jasonkang/Desktop/sandbox/react-samples/amazon-clone-react/amazon-clone/functions/node_modules/firebase-functions/lib/index.js\"}"}}
[debug] [2020-12-12T05:48:04.784Z] [runtime-status] [57798] firebase-admin has been stubbed. {"adminResolution":{"declared":true,"installed":true,"version":"9.4.2","resolution":"/Users/jasonkang/Desktop/sandbox/react-samples/amazon-clone-react/amazon-clone/functions/node_modules/firebase-admin/lib/index.js"}} {"metadata":{"emulator":{"name":"functions"},"function":{"name":"api"},"message":"[runtime-status] [57798] firebase-admin has been stubbed. {\"adminResolution\":{\"declared\":true,\"installed\":true,\"version\":\"9.4.2\",\"resolution\":\"/Users/jasonkang/Desktop/sandbox/react-samples/amazon-clone-react/amazon-clone/functions/node_modules/firebase-admin/lib/index.js\"}}"}}
[debug] [2020-12-12T05:48:06.144Z] [runtime-status] [57798] Trigger "api" has been found, beginning invocation! {"metadata":{"emulator":{"name":"functions"},"function":{"name":"api"},"message":"[runtime-status] [57798] Trigger \"api\" has been found, beginning invocation!"}}
[info] i  functions: Beginning execution of "api" {"metadata":{"emulator":{"name":"functions"},"function":{"name":"api"},"message":"Beginning execution of \"api\""}}
[debug] [2020-12-12T05:48:06.146Z] [runtime-status] [57798] triggerDefinition {"httpsTrigger":{},"name":"api","entryPoint":"api"} {"metadata":{"emulator":{"name":"functions"},"function":{"name":"api"},"message":"[runtime-status] [57798] triggerDefinition {\"httpsTrigger\":{},\"name\":\"api\",\"entryPoint\":\"api\"}"}}
[debug] [2020-12-12T05:48:06.147Z] [runtime-status] [57798] Running api in mode HTTPS {"metadata":{"emulator":{"name":"functions"},"function":{"name":"api"},"message":"[runtime-status] [57798] Running api in mode HTTPS"}}
[debug] [2020-12-12T05:48:06.173Z] [runtime-status] [57798] Attempting to listen to socketPath: /var/folders/8w/c5x389b11rg_tq8t2t9wl84c0000gn/T/fire_emu_57798.sock {"metadata":{"emulator":{"name":"functions"},"function":{"name":"api"},"message":"[runtime-status] [57798] Attempting to listen to socketPath: /var/folders/8w/c5x389b11rg_tq8t2t9wl84c0000gn/T/fire_emu_57798.sock"}}
[debug] [2020-12-12T05:48:06.181Z] [functions] Runtime ready! Sending request! {"metadata":{"emulator":{"name":"functions"},"message":"[functions] Runtime ready! Sending request!"}}
[debug] [2020-12-12T05:48:06.209Z] [runtime-status] [57798] Ephemeral server handling POST request {"metadata":{"emulator":{"name":"functions"},"function":{"name":"api"},"message":"[runtime-status] [57798] Ephemeral server handling POST request"}}
[info] >  Payment request Received for this amount >>> 47800 {"user":"Payment request Received for this amount >>> 47800","metadata":{"emulator":{"name":"functions"},"function":{"name":"api"},"message":"\u001b[90m> \u001b[39m Payment request Received for this amount >>> 47800"}}
[debug] [2020-12-12T05:48:06.338Z] [runtime-status] [57798] Ephemeral server survived. {"metadata":{"emulator":{"name":"functions"},"function":{"name":"api"},"message":"[runtime-status] [57798] Ephemeral server survived."}}
[info] i  functions: Finished "api" in ~1s {"metadata":{"emulator":{"name":"functions"},"function":{"name":"api"},"message":"Finished \"api\" in ~1s"}}
[debug] [2020-12-12T05:48:06.840Z] [worker-api-72d9722e-d9e0-4d3b-a10a-0238c124e957]: IDLE {"metadata":{"emulator":{"name":"functions"},"message":"[worker-api-72d9722e-d9e0-4d3b-a10a-0238c124e957]: IDLE"}}
[debug] [2020-12-12T05:48:06.840Z] [work-queue] {"queueLength":0,"workRunningCount":0}
[debug] [2020-12-12T05:48:14.431Z] [work-queue] {"queueLength":1,"workRunningCount":0}
[debug] [2020-12-12T05:48:14.431Z] [work-queue] {"queueLength":0,"workRunningCount":1}
[debug] [2020-12-12T05:48:14.431Z] Accepted request POST /clone-93db3/us-central1/api/payments/create?total=0 --> api
[debug] [2020-12-12T05:48:14.432Z] [worker-pool] submitWork(triggerId=api) {"metadata":{"emulator":{"name":"functions"},"message":"[worker-pool] submitWork(triggerId=api)"}}
[debug] [2020-12-12T05:48:14.432Z] [worker-api-72d9722e-d9e0-4d3b-a10a-0238c124e957]: Assigning socketPath: /var/folders/8w/c5x389b11rg_tq8t2t9wl84c0000gn/T/fire_emu_57798.sock {"metadata":{"emulator":{"name":"functions"},"message":"[worker-api-72d9722e-d9e0-4d3b-a10a-0238c124e957]: Assigning socketPath: /var/folders/8w/c5x389b11rg_tq8t2t9wl84c0000gn/T/fire_emu_57798.sock"}}
[debug] [2020-12-12T05:48:14.432Z] [worker-api-72d9722e-d9e0-4d3b-a10a-0238c124e957]: BUSY {"metadata":{"emulator":{"name":"functions"},"message":"[worker-api-72d9722e-d9e0-4d3b-a10a-0238c124e957]: BUSY"}}
[debug] [2020-12-12T05:48:14.434Z] [runtime-status] [57798] Trigger "api" has been found, beginning invocation! {"metadata":{"emulator":{"name":"functions"},"function":{"name":"api"},"message":"[runtime-status] [57798] Trigger \"api\" has been found, beginning invocation!"}}
[info] i  functions: Beginning execution of "api" {"metadata":{"emulator":{"name":"functions"},"function":{"name":"api"},"message":"Beginning execution of \"api\""}}
[debug] [2020-12-12T05:48:14.435Z] [runtime-status] [57798] triggerDefinition {"httpsTrigger":{},"name":"api","entryPoint":"api"} {"metadata":{"emulator":{"name":"functions"},"function":{"name":"api"},"message":"[runtime-status] [57798] triggerDefinition {\"httpsTrigger\":{},\"name\":\"api\",\"entryPoint\":\"api\"}"}}
[debug] [2020-12-12T05:48:14.435Z] [runtime-status] [57798] Running api in mode HTTPS {"metadata":{"emulator":{"name":"functions"},"function":{"name":"api"},"message":"[runtime-status] [57798] Running api in mode HTTPS"}}
[debug] [2020-12-12T05:48:14.437Z] [runtime-status] [57798] Attempting to listen to socketPath: /var/folders/8w/c5x389b11rg_tq8t2t9wl84c0000gn/T/fire_emu_57798.sock {"metadata":{"emulator":{"name":"functions"},"function":{"name":"api"},"message":"[runtime-status] [57798] Attempting to listen to socketPath: /var/folders/8w/c5x389b11rg_tq8t2t9wl84c0000gn/T/fire_emu_57798.sock"}}
[debug] [2020-12-12T05:48:14.438Z] [functions] Runtime ready! Sending request! {"metadata":{"emulator":{"name":"functions"},"message":"[functions] Runtime ready! Sending request!"}}
[debug] [2020-12-12T05:48:14.441Z] [runtime-status] [57798] Ephemeral server handling POST request {"metadata":{"emulator":{"name":"functions"},"function":{"name":"api"},"message":"[runtime-status] [57798] Ephemeral server handling POST request"}}
[info] >  Payment request Received for this amount >>> 0 {"user":"Payment request Received for this amount >>> 0","metadata":{"emulator":{"name":"functions"},"function":{"name":"api"},"message":"\u001b[90m> \u001b[39m Payment request Received for this amount >>> 0"}}
[debug] [2020-12-12T05:48:14.443Z] [runtime-status] [57798] Ephemeral server survived. {"metadata":{"emulator":{"name":"functions"},"function":{"name":"api"},"message":"[runtime-status] [57798] Ephemeral server survived."}}
[info] >  (node:57798) UnhandledPromiseRejectionWarning: Error: This value must be greater than or equal to 1. {"user":"(node:57798) UnhandledPromiseRejectionWarning: Error: This value must be greater than or equal to 1.","metadata":{"emulator":{"name":"functions"},"function":{"name":"api"},"message":"\u001b[90m> \u001b[39m (node:57798) UnhandledPromiseRejectionWarning: Error: This value must be greater than or equal to 1."}}
[info] >      at Function.generate (/Users/jasonkang/Desktop/sandbox/react-samples/amazon-clone-react/amazon-clone/functions/node_modules/stripe/lib/Error.js:40:16) {"user":"    at Function.generate (/Users/jasonkang/Desktop/sandbox/react-samples/amazon-clone-react/amazon-clone/functions/node_modules/stripe/lib/Error.js:40:16)","metadata":{"emulator":{"name":"functions"},"function":{"name":"api"},"message":"\u001b[90m> \u001b[39m     at Function.generate (/Users/jasonkang/Desktop/sandbox/react-samples/amazon-clone-react/amazon-clone/functions/node_modules/stripe/lib/Error.js:40:16)"}}
[info] >      at IncomingMessage.<anonymous> (/Users/jasonkang/Desktop/sandbox/react-samples/amazon-clone-react/amazon-clone/functions/node_modules/stripe/lib/StripeResource.js:190:33) {"user":"    at IncomingMessage.<anonymous> (/Users/jasonkang/Desktop/sandbox/react-samples/amazon-clone-react/amazon-clone/functions/node_modules/stripe/lib/StripeResource.js:190:33)","metadata":{"emulator":{"name":"functions"},"function":{"name":"api"},"message":"\u001b[90m> \u001b[39m     at IncomingMessage.<anonymous> (/Users/jasonkang/Desktop/sandbox/react-samples/amazon-clone-react/amazon-clone/functions/node_modules/stripe/lib/StripeResource.js:190:33)"}}
[info] >      at Object.onceWrapper (events.js:417:28) {"user":"    at Object.onceWrapper (events.js:417:28)","metadata":{"emulator":{"name":"functions"},"function":{"name":"api"},"message":"\u001b[90m> \u001b[39m     at Object.onceWrapper (events.js:417:28)"}}
[info] >      at IncomingMessage.emit (events.js:323:22) {"user":"    at IncomingMessage.emit (events.js:323:22)","metadata":{"emulator":{"name":"functions"},"function":{"name":"api"},"message":"\u001b[90m> \u001b[39m     at IncomingMessage.emit (events.js:323:22)"}}
[info] >      at endReadableNT (_stream_readable.js:1204:12) {"user":"    at endReadableNT (_stream_readable.js:1204:12)","metadata":{"emulator":{"name":"functions"},"function":{"name":"api"},"message":"\u001b[90m> \u001b[39m     at endReadableNT (_stream_readable.js:1204:12)"}}
[info] >      at processTicksAndRejections (internal/process/task_queues.js:84:21) {"user":"    at processTicksAndRejections (internal/process/task_queues.js:84:21)","metadata":{"emulator":{"name":"functions"},"function":{"name":"api"},"message":"\u001b[90m> \u001b[39m     at processTicksAndRejections (internal/process/task_queues.js:84:21)"}}
[info] >  (node:57798) UnhandledPromiseRejectionWarning: Unhandled promise rejection. This error originated either by throwing inside of an async function without a catch block, or by rejecting a promise which was not handled with .catch(). To terminate the node process on unhandled promise rejection, use the CLI flag `--unhandled-rejections=strict` (see https://nodejs.org/api/cli.html#cli_unhandled_rejections_mode). (rejection id: 1) {"user":"(node:57798) UnhandledPromiseRejectionWarning: Unhandled promise rejection. This error originated either by throwing inside of an async function without a catch block, or by rejecting a promise which was not handled with .catch(). To terminate the node process on unhandled promise rejection, use the CLI flag `--unhandled-rejections=strict` (see https://nodejs.org/api/cli.html#cli_unhandled_rejections_mode). (rejection id: 1)","metadata":{"emulator":{"name":"functions"},"function":{"name":"api"},"message":"\u001b[90m> \u001b[39m (node:57798) UnhandledPromiseRejectionWarning: Unhandled promise rejection. This error originated either by throwing inside of an async function without a catch block, or by rejecting a promise which was not handled with .catch(). To terminate the node process on unhandled promise rejection, use the CLI flag `--unhandled-rejections=strict` (see https://nodejs.org/api/cli.html#cli_unhandled_rejections_mode). (rejection id: 1)"}}
[info] >  (node:57798) [DEP0018] DeprecationWarning: Unhandled promise rejections are deprecated. In the future, promise rejections that are not handled will terminate the Node.js process with a non-zero exit code. {"user":"(node:57798) [DEP0018] DeprecationWarning: Unhandled promise rejections are deprecated. In the future, promise rejections that are not handled will terminate the Node.js process with a non-zero exit code.","metadata":{"emulator":{"name":"functions"},"function":{"name":"api"},"message":"\u001b[90m> \u001b[39m (node:57798) [DEP0018] DeprecationWarning: Unhandled promise rejections are deprecated. In the future, promise rejections that are not handled will terminate the Node.js process with a non-zero exit code."}}
[warn] ⚠  functions: Your function timed out after ~60s. To configure this timeout, see
      https://firebase.google.com/docs/functions/manage-functions#set_timeout_and_memory_allocation. {"metadata":{"emulator":{"name":"functions"},"function":{"name":"api"},"message":"Your function timed out after ~60s. To configure this timeout, see\n      https://firebase.google.com/docs/functions/manage-functions#set_timeout_and_memory_allocation."}}
[info] >  /Users/jasonkang/.nvm/versions/node/v12.16.1/lib/node_modules/firebase-tools/lib/emulator/functionsEmulatorRuntime.js:668 {"user":"/Users/jasonkang/.nvm/versions/node/v12.16.1/lib/node_modules/firebase-tools/lib/emulator/functionsEmulatorRuntime.js:668","metadata":{"emulator":{"name":"functions"},"function":{"name":"api"},"message":"\u001b[90m> \u001b[39m /Users/jasonkang/.nvm/versions/node/v12.16.1/lib/node_modules/firebase-tools/lib/emulator/functionsEmulatorRuntime.js:668"}}
[info] >                  throw new Error("Function timed out."); {"user":"                throw new Error(\"Function timed out.\");","metadata":{"emulator":{"name":"functions"},"function":{"name":"api"},"message":"\u001b[90m> \u001b[39m                 throw new Error(\"Function timed out.\");"}}
[info] >                  ^ {"user":"                ^","metadata":{"emulator":{"name":"functions"},"function":{"name":"api"},"message":"\u001b[90m> \u001b[39m                 ^"}}
[info] >   {"user":"","metadata":{"emulator":{"name":"functions"},"function":{"name":"api"},"message":"\u001b[90m> \u001b[39m "}}
[info] >  Error: Function timed out. {"user":"Error: Function timed out.","metadata":{"emulator":{"name":"functions"},"function":{"name":"api"},"message":"\u001b[90m> \u001b[39m Error: Function timed out."}}
[info] >      at Timeout._onTimeout (/Users/jasonkang/.nvm/versions/node/v12.16.1/lib/node_modules/firebase-tools/lib/emulator/functionsEmulatorRuntime.js:668:23) {"user":"    at Timeout._onTimeout (/Users/jasonkang/.nvm/versions/node/v12.16.1/lib/node_modules/firebase-tools/lib/emulator/functionsEmulatorRuntime.js:668:23)","metadata":{"emulator":{"name":"functions"},"function":{"name":"api"},"message":"\u001b[90m> \u001b[39m     at Timeout._onTimeout (/Users/jasonkang/.nvm/versions/node/v12.16.1/lib/node_modules/firebase-tools/lib/emulator/functionsEmulatorRuntime.js:668:23)"}}
[info] >      at listOnTimeout (internal/timers.js:549:17) {"user":"    at listOnTimeout (internal/timers.js:549:17)","metadata":{"emulator":{"name":"functions"},"function":{"name":"api"},"message":"\u001b[90m> \u001b[39m     at listOnTimeout (internal/timers.js:549:17)"}}
[info] >      at processTimers (internal/timers.js:492:7) {"user":"    at processTimers (internal/timers.js:492:7)","metadata":{"emulator":{"name":"functions"},"function":{"name":"api"},"message":"\u001b[90m> \u001b[39m     at processTimers (internal/timers.js:492:7)"}}
[debug] [2020-12-12T05:49:14.479Z] [worker-api-72d9722e-d9e0-4d3b-a10a-0238c124e957]: exited {"metadata":{"emulator":{"name":"functions"},"message":"[worker-api-72d9722e-d9e0-4d3b-a10a-0238c124e957]: exited"}}
[debug] [2020-12-12T05:49:14.479Z] [worker-api-72d9722e-d9e0-4d3b-a10a-0238c124e957]: FINISHED {"metadata":{"emulator":{"name":"functions"},"message":"[worker-api-72d9722e-d9e0-4d3b-a10a-0238c124e957]: FINISHED"}}
[debug] [2020-12-12T05:49:14.481Z] [work-queue] {"queueLength":0,"workRunningCount":0}
